<?xml version="1.0" encoding="UTF-8"?>
<!-- Generated by org.testng.reporters.JUnitReportReporter -->
<testsuite hostname="DESKTOP-R1U8089" failures="0" tests="1" name="firstScripts.TestOne" time="3.980" errors="0" timestamp="2023-05-29T11:25:06 EDT" skipped="0">
  <testcase classname="firstScripts.TestOne" name="test1" time="3.980"/>
  <system-out/>
</testsuite> <!-- firstScripts.TestOne -->
